<?xml version="1.0" encoding="UTF-8"?>
<testng-results ignored="0" total="2" passed="2" failed="0" skipped="0">
  <reporter-output>
  </reporter-output>
  <suite started-at="2022-01-19T18:57:13 IST" name="Suite" finished-at="2022-01-19T18:57:13 IST" duration-ms="77">
    <groups>
    </groups>
    <test started-at="2022-01-19T18:57:13 IST" name="Test" finished-at="2022-01-19T18:57:13 IST" duration-ms="77">
      <class name="Inncrewin.OpenBrowser">
        <test-method signature="invokebrowser(java.lang.String,java.lang.String)[pri:0, instance:Inncrewin.OpenBrowser@65466a6a]" started-at="2022-01-19T18:57:13 IST" name="invokebrowser" finished-at="2022-01-19T18:57:13 IST" duration-ms="2" status="PASS">
          <params>
            <param index="0">
              <value>
                <![CDATA[https://www.youtube.com/]]>
              </value>
            </param>
            <param index="1">
              <value>
                <![CDATA[chrome]]>
              </value>
            </param>
          </params>
          <reporter-output>
          </reporter-output>
        </test-method> <!-- invokebrowser -->
      </class> <!-- Inncrewin.OpenBrowser -->
      <class name="Inncrewin.Chrome">
        <test-method signature="openChrome()[pri:0, instance:Inncrewin.Chrome@1f0f1111]" started-at="2022-01-19T18:57:13 IST" name="openChrome" finished-at="2022-01-19T18:57:13 IST" duration-ms="12" status="PASS">
          <reporter-output>
          </reporter-output>
        </test-method> <!-- openChrome -->
      </class> <!-- Inncrewin.Chrome -->
    </test> <!-- Test -->
  </suite> <!-- Suite -->
</testng-results>
